<?xml version="1.0" encoding="UTF-8" ?>
<testsuite failures="0" time="0.062" errors="0" skipped="0" tests="14" name="org.javabuilders.test.IssuesTest">
  <properties>
[...]
</properties>
  <testcase time="0.002" classname="org.javabuilders.test.IssuesTest" name="testIssue14_EmbeddedParentheses"/>
  <testcase time="0.001" classname="org.javabuilders.test.IssuesTest" name="testIssue24_NamedObjectPropertyHashing"/>
  <testcase time="0.002" classname="org.javabuilders.test.IssuesTest" name="issue34_MissingParentheses"/>
  <testcase time="0.001" classname="org.javabuilders.test.IssuesTest" name="issue34_MissingParenthesesNested"/>
  <testcase time="0.001" classname="org.javabuilders.test.IssuesTest" name="issue36_ImprovedErrorHandling_Tabs"/>
  <testcase time="0.008" classname="org.javabuilders.test.IssuesTest" name="issue36_ImprovedErrorHandling_SpacesBeforeParentheses"/>
  <testcase time="0.006" classname="org.javabuilders.test.IssuesTest" name="issue38_NestedStaticClass"/>
  <testcase time="0.005" classname="org.javabuilders.test.IssuesTest" name="issue38_BuildFileLocal"/>
  <testcase time="0.004" classname="org.javabuilders.test.IssuesTest" name="issue38_BuildFileGlobal"/>
  <testcase time="0.01" classname="org.javabuilders.test.IssuesTest" name="issue44_customComponentInstantiation"/>
  <testcase time="0.001" classname="org.javabuilders.test.IssuesTest" name="issue50_quotesValidation"/>
  <testcase time="0" classname="org.javabuilders.test.IssuesTest" name="issue50_tabValidation"/>
  <testcase time="0" classname="org.javabuilders.test.IssuesTest" name="issue50_parenthesesValidation"/>
  <testcase time="0.01" classname="org.javabuilders.test.IssuesTest" name="issue64_frenchResources"/>
</testsuite>