<?xml version="1.0" encoding="UTF-8" ?>
<testsuite failures="0" time="0.179" errors="0" skipped="2" tests="7" name="org.javabuilders.swing.test.DataBindingTest">
  <properties>
[...]
</properties>
  <testcase time="0.028" classname="org.javabuilders.swing.test.DataBindingTest" name="testJComboBoxBeansBinding"/>
  <testcase time="0.119" classname="org.javabuilders.swing.test.DataBindingTest" name="testJComboBoxModel"/>
  <testcase time="0.005" classname="org.javabuilders.swing.test.DataBindingTest" name="testJListBeansBinding"/>
  <testcase time="0.009" classname="org.javabuilders.swing.test.DataBindingTest" name="testJListModel"/>
  <testcase time="0.01" classname="org.javabuilders.swing.test.DataBindingTest" name="testJListNestedModel">
    <skipped/>
  </testcase>
  <testcase time="0.015" classname="org.javabuilders.swing.test.DataBindingTest" name="testJTableBeansBinding"/>
  <testcase time="0.016" classname="org.javabuilders.swing.test.DataBindingTest" name="testJTableModel">
    <skipped/>
  </testcase>
</testsuite>